<?xml version="1.0" encoding="UTF-8"?>
<!-- Generated by org.testng.reporters.JUnitXMLReporter -->
<testsuite ignored="0" hostname="EMEA-PT-L00452" failures="0" tests="10" name="Test" time="46.187" errors="0" timestamp="2023-03-01T12:05:03 IST">
  <testcase classname="tests.ByProducts" name="tc01_login" time="3.109"/>
  <testcase classname="tests.ByProducts" name="tc02_chooseProduct1" time="3.721"/>
  <testcase classname="tests.ByProducts" name="tc03_chooseProduct2" time="3.499"/>
  <testcase classname="tests.ByProducts" name="tc05_checkout" time="2.287"/>
  <testcase classname="tests.LoginTest" name="tc01_loginFailed" time="2.736"/>
  <testcase classname="tests.LoginTest" name="tc02_loginFailed" time="2.735"/>
  <testcase classname="tests.LoginTest" name="tc02_loginFailed" time="2.755"/>
  <testcase classname="tests.LoginTest" name="tc02_loginFailed" time="2.558"/>
  <testcase classname="tests.LoginTest" name="tc02_loginFailed" time="2.606"/>
  <testcase classname="tests.LoginTest" name="tc03_loginSucceed" time="2.74"/>
</testsuite> <!-- Test -->
