<?xml version="1.0" encoding="UTF-8"?>
<!-- Generated by org.testng.reporters.JUnitXMLReporter -->
<testsuite hostname="EMEA-PT-L00452" ignored="0" name="Test" tests="10" failures="0" timestamp="2023-02-28T13:19:20 IST" time="51.314" errors="0">
  <testcase name="tc01_login" time="3.096" classname="tests.ByProducts"/>
  <testcase name="tc02_chooseProduct1" time="3.511" classname="tests.ByProducts"/>
  <testcase name="tc03_chooseProduct2" time="3.525" classname="tests.ByProducts"/>
  <testcase name="tc04_checkout" time="5.11" classname="tests.ByProducts"/>
  <testcase name="tc01_loginFailed" time="2.751" classname="tests.LoginTest"/>
  <testcase name="tc02_loginFailed" time="2.687" classname="tests.LoginTest"/>
  <testcase name="tc02_loginFailed" time="2.557" classname="tests.LoginTest"/>
  <testcase name="tc02_loginFailed" time="2.537" classname="tests.LoginTest"/>
  <testcase name="tc02_loginFailed" time="2.527" classname="tests.LoginTest"/>
  <testcase name="tc03_loginSucceed" time="2.92" classname="tests.LoginTest"/>
</testsuite> <!-- Test -->
